[    1218ms] [INFO] %cDownload the React DevTools for a better development experience: https://react.dev/link/react-devtools font-weight:bold @ http://localhost:3000/_next/static/chunks/node_modules_next_dist_115brz8._.js:2431
[    1328ms] [LOG] [HMR] connected @ http://localhost:3000/_next/static/chunks/node_modules_next_dist_115brz8._.js:2431
[    1455ms] [LOG] [Fast Refresh] rebuilding @ http://localhost:3000/_next/static/chunks/node_modules_next_dist_115brz8._.js:2431
[    1494ms] [LOG] [Fast Refresh] done in 144ms @ http://localhost:3000/_next/static/chunks/node_modules_next_dist_115brz8._.js:2431
[    3285ms] [LOG] [Fast Refresh] rebuilding @ http://localhost:3000/_next/static/chunks/node_modules_next_dist_115brz8._.js:2431
[    3344ms] [LOG] [Fast Refresh] done in 161ms @ http://localhost:3000/_next/static/chunks/node_modules_next_dist_115brz8._.js:2431
[    6524ms] [LOG] [Fast Refresh] rebuilding @ http://localhost:3000/_next/static/chunks/node_modules_next_dist_115brz8._.js:2431
[    6536ms] [LOG] [Fast Refresh] done in 113ms @ http://localhost:3000/_next/static/chunks/node_modules_next_dist_115brz8._.js:2431
[    7070ms] [LOG] [Fast Refresh] rebuilding @ http://localhost:3000/_next/static/chunks/node_modules_next_dist_115brz8._.js:2431
[    7383ms] [LOG] [Fast Refresh] done in 413ms @ http://localhost:3000/_next/static/chunks/node_modules_next_dist_115brz8._.js:2431
[    7887ms] [LOG] [Fast Refresh] rebuilding @ http://localhost:3000/_next/static/chunks/node_modules_next_dist_115brz8._.js:2431
[    7985ms] [LOG] [Fast Refresh] done in 199ms @ http://localhost:3000/_next/static/chunks/node_modules_next_dist_115brz8._.js:2431
[    8939ms] [LOG] [Fast Refresh] rebuilding @ http://localhost:3000/_next/static/chunks/node_modules_next_dist_115brz8._.js:2431
[    8940ms] [LOG] [Fast Refresh] done in 102ms @ http://localhost:3000/_next/static/chunks/node_modules_next_dist_115brz8._.js:2431
[   11018ms] [LOG] [Fast Refresh] rebuilding @ http://localhost:3000/_next/static/chunks/node_modules_next_dist_115brz8._.js:2431
[   11023ms] [LOG] [Fast Refresh] done in 107ms @ http://localhost:3000/_next/static/chunks/node_modules_next_dist_115brz8._.js:2431
[   12258ms] [LOG] [Fast Refresh] rebuilding @ http://localhost:3000/_next/static/chunks/node_modules_next_dist_115brz8._.js:2431
[   12261ms] [LOG] [Fast Refresh] done in 104ms @ http://localhost:3000/_next/static/chunks/node_modules_next_dist_115brz8._.js:2431
[   19708ms] [LOG] [Fast Refresh] rebuilding @ http://localhost:3000/_next/static/chunks/node_modules_next_dist_115brz8._.js:2431
[   19770ms] [LOG] [Fast Refresh] done in 162ms @ http://localhost:3000/_next/static/chunks/node_modules_next_dist_115brz8._.js:2431
[   22665ms] [LOG] [Fast Refresh] rebuilding @ http://localhost:3000/_next/static/chunks/node_modules_next_dist_115brz8._.js:2431
[   22668ms] [LOG] [Fast Refresh] done in 105ms @ http://localhost:3000/_next/static/chunks/node_modules_next_dist_115brz8._.js:2431
[   23099ms] [LOG] [Fast Refresh] rebuilding @ http://localhost:3000/_next/static/chunks/node_modules_next_dist_115brz8._.js:2431
[   23100ms] [LOG] [Fast Refresh] done in 101ms @ http://localhost:3000/_next/static/chunks/node_modules_next_dist_115brz8._.js:2431
[   24681ms] [LOG] [Fast Refresh] rebuilding @ http://localhost:3000/_next/static/chunks/node_modules_next_dist_115brz8._.js:2431
[   24695ms] [LOG] [Fast Refresh] done in 115ms @ http://localhost:3000/_next/static/chunks/node_modules_next_dist_115brz8._.js:2431
[   25491ms] [LOG] [Fast Refresh] rebuilding @ http://localhost:3000/_next/static/chunks/node_modules_next_dist_115brz8._.js:2431
[   25495ms] [LOG] [Fast Refresh] done in 104ms @ http://localhost:3000/_next/static/chunks/node_modules_next_dist_115brz8._.js:2431
[   27627ms] [LOG] [Fast Refresh] rebuilding @ http://localhost:3000/_next/static/chunks/node_modules_next_dist_115brz8._.js:2431
[   27633ms] [LOG] [Fast Refresh] done in 108ms @ http://localhost:3000/_next/static/chunks/node_modules_next_dist_115brz8._.js:2431
[   29319ms] [LOG] [Fast Refresh] rebuilding @ http://localhost:3000/_next/static/chunks/node_modules_next_dist_115brz8._.js:2431
[   29395ms] [LOG] [Fast Refresh] done in 178ms @ http://localhost:3000/_next/static/chunks/node_modules_next_dist_115brz8._.js:2431
[   29580ms] [LOG] [Fast Refresh] rebuilding @ http://localhost:3000/_next/static/chunks/node_modules_next_dist_115brz8._.js:2431
[   29585ms] [LOG] [Fast Refresh] done in 106ms @ http://localhost:3000/_next/static/chunks/node_modules_next_dist_115brz8._.js:2431
[   30040ms] [LOG] [Fast Refresh] rebuilding @ http://localhost:3000/_next/static/chunks/node_modules_next_dist_115brz8._.js:2431
[   30047ms] [LOG] [Fast Refresh] done in 107ms @ http://localhost:3000/_next/static/chunks/node_modules_next_dist_115brz8._.js:2431
[   33108ms] [LOG] [Fast Refresh] rebuilding @ http://localhost:3000/_next/static/chunks/node_modules_next_dist_115brz8._.js:2431
[   33108ms] [LOG] [Fast Refresh] done in 101ms @ http://localhost:3000/_next/static/chunks/node_modules_next_dist_115brz8._.js:2431
[   33515ms] [LOG] [Fast Refresh] rebuilding @ http://localhost:3000/_next/static/chunks/node_modules_next_dist_115brz8._.js:2431
[   33518ms] [LOG] [Fast Refresh] done in 103ms @ http://localhost:3000/_next/static/chunks/node_modules_next_dist_115brz8._.js:2431
[   42953ms] [LOG] [Fast Refresh] rebuilding @ http://localhost:3000/_next/static/chunks/node_modules_next_dist_115brz8._.js:2431
[   42964ms] [LOG] [Fast Refresh] done in 112ms @ http://localhost:3000/_next/static/chunks/node_modules_next_dist_115brz8._.js:2431
[   43821ms] [LOG] [Fast Refresh] rebuilding @ http://localhost:3000/_next/static/chunks/node_modules_next_dist_115brz8._.js:2431
[   43823ms] [LOG] [Fast Refresh] done in 102ms @ http://localhost:3000/_next/static/chunks/node_modules_next_dist_115brz8._.js:2431
[   44252ms] [LOG] [Fast Refresh] rebuilding @ http://localhost:3000/_next/static/chunks/node_modules_next_dist_115brz8._.js:2431
[   44260ms] [LOG] [Fast Refresh] done in 110ms @ http://localhost:3000/_next/static/chunks/node_modules_next_dist_115brz8._.js:2431
[   44685ms] [LOG] [Fast Refresh] rebuilding @ http://localhost:3000/_next/static/chunks/node_modules_next_dist_115brz8._.js:2431
[   44687ms] [LOG] [Fast Refresh] done in 103ms @ http://localhost:3000/_next/static/chunks/node_modules_next_dist_115brz8._.js:2431
[   45095ms] [LOG] [Fast Refresh] rebuilding @ http://localhost:3000/_next/static/chunks/node_modules_next_dist_115brz8._.js:2431
[   45100ms] [LOG] [Fast Refresh] done in 106ms @ http://localhost:3000/_next/static/chunks/node_modules_next_dist_115brz8._.js:2431
[   47618ms] [LOG] [Fast Refresh] rebuilding @ http://localhost:3000/_next/static/chunks/node_modules_next_dist_115brz8._.js:2431
[   47624ms] [LOG] [Fast Refresh] done in 109ms @ http://localhost:3000/_next/static/chunks/node_modules_next_dist_115brz8._.js:2431
[   57532ms] [LOG] [Fast Refresh] rebuilding @ http://localhost:3000/_next/static/chunks/node_modules_next_dist_115brz8._.js:2431
[   57534ms] [LOG] [Fast Refresh] done in 104ms @ http://localhost:3000/_next/static/chunks/node_modules_next_dist_115brz8._.js:2431
[   60397ms] [LOG] [Fast Refresh] rebuilding @ http://localhost:3000/_next/static/chunks/node_modules_next_dist_115brz8._.js:2431
[   60480ms] [ERROR] ./src/components/studio/audioAnalysis.ts:108:10
Nullish coalescing operator(??) requires parens when mixing with logical operators
  106 |   }
  107 |
> 108 |   return detail ?? statusText?.trim() || `Analysis failed with ${status}`;
      |          ^^^^^^^^^^^^^^^^^^^^^^^^^^^^^^^^^^^^^^^^^^^^^^^^^^^^^^^^^^^^^^^^
  109 | }
  110 |
  111 | async function readResponsePayload(response: Response) {

Parsing ecmascript source code failed

Import traces:
  Client Component Browser:
    ./src/components/studio/audioAnalysis.ts [Client Component Browser]
    ./src/components/StudioApp.tsx [Client Component Browser]
    ./src/components/StudioApp.tsx [Server Component]
    ./src/app/page.tsx [Server Component]

  Client Component SSR:
    ./src/components/studio/audioAnalysis.ts [Client Component SSR]
    ./src/components/StudioApp.tsx [Client Component SSR]
    ./src/components/StudioApp.tsx [Server Component]
    ./src/app/page.tsx [Server Component] @ http://localhost:3000/_next/static/chunks/node_modules_next_dist_115brz8._.js:3272
[   60567ms] [ERROR] ./src/components/studio/audioAnalysis.ts:108:10
Nullish coalescing operator(??) requires parens when mixing with logical operators
  106 |   }
  107 |
> 108 |   return detail ?? statusText?.trim() || `Analysis failed with ${status}`;
      |          ^^^^^^^^^^^^^^^^^^^^^^^^^^^^^^^^^^^^^^^^^^^^^^^^^^^^^^^^^^^^^^^^
  109 | }
  110 |
  111 | async function readResponsePayload(response: Response) {

Parsing ecmascript source code failed

Import traces:
  Client Component Browser:
    ./src/components/studio/audioAnalysis.ts [Client Component Browser]
    ./src/components/StudioApp.tsx [Client Component Browser]
    ./src/components/StudioApp.tsx [Server Component]
    ./src/app/page.tsx [Server Component]

  Client Component SSR:
    ./src/components/studio/audioAnalysis.ts [Client Component SSR]
    ./src/components/StudioApp.tsx [Client Component SSR]
    ./src/components/StudioApp.tsx [Server Component]
    ./src/app/page.tsx [Server Component] @ http://localhost:3000/_next/static/chunks/node_modules_next_dist_115brz8._.js:3272
[   60771ms] [LOG] [Fast Refresh] rebuilding @ http://localhost:3000/_next/static/chunks/node_modules_next_dist_115brz8._.js:2431
[   60771ms] [ERROR] ./src/components/studio/audioAnalysis.ts:108:10
Nullish coalescing operator(??) requires parens when mixing with logical operators
  106 |   }
  107 |
> 108 |   return detail ?? statusText?.trim() || `Analysis failed with ${status}`;
      |          ^^^^^^^^^^^^^^^^^^^^^^^^^^^^^^^^^^^^^^^^^^^^^^^^^^^^^^^^^^^^^^^^
  109 | }
  110 |
  111 | async function readResponsePayload(response: Response) {

Parsing ecmascript source code failed

Import traces:
  Client Component Browser:
    ./src/components/studio/audioAnalysis.ts [Client Component Browser]
    ./src/components/StudioApp.tsx [Client Component Browser]
    ./src/components/StudioApp.tsx [Server Component]
    ./src/app/page.tsx [Server Component]

  Client Component SSR:
    ./src/components/studio/audioAnalysis.ts [Client Component SSR]
    ./src/components/StudioApp.tsx [Client Component SSR]
    ./src/components/StudioApp.tsx [Server Component]
    ./src/app/page.tsx [Server Component] @ http://localhost:3000/_next/static/chunks/node_modules_next_dist_115brz8._.js:3272
[   61169ms] [ERROR] ./src/components/studio/audioAnalysis.ts:108:10
Nullish coalescing operator(??) requires parens when mixing with logical operators
  106 |   }
  107 |
> 108 |   return detail ?? statusText?.trim() || `Analysis failed with ${status}`;
      |          ^^^^^^^^^^^^^^^^^^^^^^^^^^^^^^^^^^^^^^^^^^^^^^^^^^^^^^^^^^^^^^^^
  109 | }
  110 |
  111 | async function readResponsePayload(response: Response) {

Parsing ecmascript source code failed

Import traces:
  Client Component Browser:
    ./src/components/studio/audioAnalysis.ts [Client Component Browser]
    ./src/components/StudioApp.tsx [Client Component Browser]
    ./src/components/StudioApp.tsx [Server Component]
    ./src/app/page.tsx [Server Component]

  Client Component SSR:
    ./src/components/studio/audioAnalysis.ts [Client Component SSR]
    ./src/components/StudioApp.tsx [Client Component SSR]
    ./src/components/StudioApp.tsx [Server Component]
    ./src/app/page.tsx [Server Component] @ http://localhost:3000/_next/static/chunks/node_modules_next_dist_115brz8._.js:3272
[   61176ms] [ERROR] ./src/components/studio/audioAnalysis.ts:108:10
Nullish coalescing operator(??) requires parens when mixing with logical operators
  106 |   }
  107 |
> 108 |   return detail ?? statusText?.trim() || `Analysis failed with ${status}`;
      |          ^^^^^^^^^^^^^^^^^^^^^^^^^^^^^^^^^^^^^^^^^^^^^^^^^^^^^^^^^^^^^^^^
  109 | }
  110 |
  111 | async function readResponsePayload(response: Response) {

Parsing ecmascript source code failed

Import traces:
  Client Component Browser:
    ./src/components/studio/audioAnalysis.ts [Client Component Browser]
    ./src/components/StudioApp.tsx [Client Component Browser]
    ./src/components/StudioApp.tsx [Server Component]
    ./src/app/page.tsx [Server Component]

  Client Component SSR:
    ./src/components/studio/audioAnalysis.ts [Client Component SSR]
    ./src/components/StudioApp.tsx [Client Component SSR]
    ./src/components/StudioApp.tsx [Server Component]
    ./src/app/page.tsx [Server Component] @ http://localhost:3000/_next/static/chunks/node_modules_next_dist_115brz8._.js:3272
[   61237ms] [ERROR] ./src/components/studio/audioAnalysis.ts:108:10
Nullish coalescing operator(??) requires parens when mixing with logical operators
  106 |   }
  107 |
> 108 |   return detail ?? statusText?.trim() || `Analysis failed with ${status}`;
      |          ^^^^^^^^^^^^^^^^^^^^^^^^^^^^^^^^^^^^^^^^^^^^^^^^^^^^^^^^^^^^^^^^
  109 | }
  110 |
  111 | async function readResponsePayload(response: Response) {

Parsing ecmascript source code failed

Import traces:
  Client Component Browser:
    ./src/components/studio/audioAnalysis.ts [Client Component Browser]
    ./src/components/StudioApp.tsx [Client Component Browser]
    ./src/components/StudioApp.tsx [Server Component]
    ./src/app/page.tsx [Server Component]

  Client Component SSR:
    ./src/components/studio/audioAnalysis.ts [Client Component SSR]
    ./src/components/StudioApp.tsx [Client Component SSR]
    ./src/components/StudioApp.tsx [Server Component]
    ./src/app/page.tsx [Server Component] @ http://localhost:3000/_next/static/chunks/node_modules_next_dist_115brz8._.js:3272
[   61278ms] [LOG] [Fast Refresh] rebuilding @ http://localhost:3000/_next/static/chunks/node_modules_next_dist_115brz8._.js:2431
[   61635ms] [ERROR] ./src/components/studio/audioAnalysis.ts:108:10
Nullish coalescing operator(??) requires parens when mixing with logical operators
  106 |   }
  107 |
> 108 |   return detail ?? statusText?.trim() || `Analysis failed with ${status}`;
      |          ^^^^^^^^^^^^^^^^^^^^^^^^^^^^^^^^^^^^^^^^^^^^^^^^^^^^^^^^^^^^^^^^
  109 | }
  110 |
  111 | async function readResponsePayload(response: Response) {

Parsing ecmascript source code failed

Import traces:
  Client Component Browser:
    ./src/components/studio/audioAnalysis.ts [Client Component Browser]
    ./src/components/StudioApp.tsx [Client Component Browser]
    ./src/components/StudioApp.tsx [Server Component]
    ./src/app/page.tsx [Server Component]

  Client Component SSR:
    ./src/components/studio/audioAnalysis.ts [Client Component SSR]
    ./src/components/StudioApp.tsx [Client Component SSR]
    ./src/components/StudioApp.tsx [Server Component]
    ./src/app/page.tsx [Server Component] @ http://localhost:3000/_next/static/chunks/node_modules_next_dist_115brz8._.js:3272
[   61641ms] [LOG] [Fast Refresh] rebuilding @ http://localhost:3000/_next/static/chunks/node_modules_next_dist_115brz8._.js:2431
[   62027ms] [ERROR] ./src/components/studio/audioAnalysis.ts:108:10
Nullish coalescing operator(??) requires parens when mixing with logical operators
  106 |   }
  107 |
> 108 |   return detail ?? statusText?.trim() || `Analysis failed with ${status}`;
      |          ^^^^^^^^^^^^^^^^^^^^^^^^^^^^^^^^^^^^^^^^^^^^^^^^^^^^^^^^^^^^^^^^
  109 | }
  110 |
  111 | async function readResponsePayload(response: Response) {

Parsing ecmascript source code failed

Import traces:
  Client Component Browser:
    ./src/components/studio/audioAnalysis.ts [Client Component Browser]
    ./src/components/StudioApp.tsx [Client Component Browser]
    ./src/components/StudioApp.tsx [Server Component]
    ./src/app/page.tsx [Server Component]

  Client Component SSR:
    ./src/components/studio/audioAnalysis.ts [Client Component SSR]
    ./src/components/StudioApp.tsx [Client Component SSR]
    ./src/components/StudioApp.tsx [Server Component]
    ./src/app/page.tsx [Server Component] @ http://localhost:3000/_next/static/chunks/node_modules_next_dist_115brz8._.js:3272
[   62031ms] [LOG] [Fast Refresh] rebuilding @ http://localhost:3000/_next/static/chunks/node_modules_next_dist_115brz8._.js:2431
[   62420ms] [ERROR] ./src/components/studio/audioAnalysis.ts:108:10
Nullish coalescing operator(??) requires parens when mixing with logical operators
  106 |   }
  107 |
> 108 |   return detail ?? statusText?.trim() || `Analysis failed with ${status}`;
      |          ^^^^^^^^^^^^^^^^^^^^^^^^^^^^^^^^^^^^^^^^^^^^^^^^^^^^^^^^^^^^^^^^
  109 | }
  110 |
  111 | async function readResponsePayload(response: Response) {

Parsing ecmascript source code failed

Import traces:
  Client Component Browser:
    ./src/components/studio/audioAnalysis.ts [Client Component Browser]
    ./src/components/StudioApp.tsx [Client Component Browser]
    ./src/components/StudioApp.tsx [Server Component]
    ./src/app/page.tsx [Server Component]

  Client Component SSR:
    ./src/components/studio/audioAnalysis.ts [Client Component SSR]
    ./src/components/StudioApp.tsx [Client Component SSR]
    ./src/components/StudioApp.tsx [Server Component]
    ./src/app/page.tsx [Server Component] @ http://localhost:3000/_next/static/chunks/node_modules_next_dist_115brz8._.js:3272
[   62427ms] [LOG] [Fast Refresh] rebuilding @ http://localhost:3000/_next/static/chunks/node_modules_next_dist_115brz8._.js:2431
[   62817ms] [ERROR] ./src/components/studio/audioAnalysis.ts:108:10
Nullish coalescing operator(??) requires parens when mixing with logical operators
  106 |   }
  107 |
> 108 |   return detail ?? statusText?.trim() || `Analysis failed with ${status}`;
      |          ^^^^^^^^^^^^^^^^^^^^^^^^^^^^^^^^^^^^^^^^^^^^^^^^^^^^^^^^^^^^^^^^
  109 | }
  110 |
  111 | async function readResponsePayload(response: Response) {

Parsing ecmascript source code failed

Import traces:
  Client Component Browser:
    ./src/components/studio/audioAnalysis.ts [Client Component Browser]
    ./src/components/StudioApp.tsx [Client Component Browser]
    ./src/components/StudioApp.tsx [Server Component]
    ./src/app/page.tsx [Server Component]

  Client Component SSR:
    ./src/components/studio/audioAnalysis.ts [Client Component SSR]
    ./src/components/StudioApp.tsx [Client Component SSR]
    ./src/components/StudioApp.tsx [Server Component]
    ./src/app/page.tsx [Server Component] @ http://localhost:3000/_next/static/chunks/node_modules_next_dist_115brz8._.js:3272
[   62825ms] [LOG] [Fast Refresh] rebuilding @ http://localhost:3000/_next/static/chunks/node_modules_next_dist_115brz8._.js:2431
[   63214ms] [ERROR] ./src/components/studio/audioAnalysis.ts:108:10
Nullish coalescing operator(??) requires parens when mixing with logical operators
  106 |   }
  107 |
> 108 |   return detail ?? statusText?.trim() || `Analysis failed with ${status}`;
      |          ^^^^^^^^^^^^^^^^^^^^^^^^^^^^^^^^^^^^^^^^^^^^^^^^^^^^^^^^^^^^^^^^
  109 | }
  110 |
  111 | async function readResponsePayload(response: Response) {

Parsing ecmascript source code failed

Import traces:
  Client Component Browser:
    ./src/components/studio/audioAnalysis.ts [Client Component Browser]
    ./src/components/StudioApp.tsx [Client Component Browser]
    ./src/components/StudioApp.tsx [Server Component]
    ./src/app/page.tsx [Server Component]

  Client Component SSR:
    ./src/components/studio/audioAnalysis.ts [Client Component SSR]
    ./src/components/StudioApp.tsx [Client Component SSR]
    ./src/components/StudioApp.tsx [Server Component]
    ./src/app/page.tsx [Server Component] @ http://localhost:3000/_next/static/chunks/node_modules_next_dist_115brz8._.js:3272
[   63223ms] [LOG] [Fast Refresh] rebuilding @ http://localhost:3000/_next/static/chunks/node_modules_next_dist_115brz8._.js:2431
[   63621ms] [LOG] [Fast Refresh] rebuilding @ http://localhost:3000/_next/static/chunks/node_modules_next_dist_115brz8._.js:2431
[   63626ms] [ERROR] ./src/components/studio/audioAnalysis.ts:108:10
Nullish coalescing operator(??) requires parens when mixing with logical operators
  106 |   }
  107 |
> 108 |   return detail ?? statusText?.trim() || `Analysis failed with ${status}`;
      |          ^^^^^^^^^^^^^^^^^^^^^^^^^^^^^^^^^^^^^^^^^^^^^^^^^^^^^^^^^^^^^^^^
  109 | }
  110 |
  111 | async function readResponsePayload(response: Response) {

Parsing ecmascript source code failed

Import traces:
  Client Component Browser:
    ./src/components/studio/audioAnalysis.ts [Client Component Browser]
    ./src/components/StudioApp.tsx [Client Component Browser]
    ./src/components/StudioApp.tsx [Server Component]
    ./src/app/page.tsx [Server Component]

  Client Component SSR:
    ./src/components/studio/audioAnalysis.ts [Client Component SSR]
    ./src/components/StudioApp.tsx [Client Component SSR]
    ./src/components/StudioApp.tsx [Server Component]
    ./src/app/page.tsx [Server Component] @ http://localhost:3000/_next/static/chunks/node_modules_next_dist_115brz8._.js:3272
[   64143ms] [ERROR] ./src/components/studio/audioAnalysis.ts:108:10
Nullish coalescing operator(??) requires parens when mixing with logical operators
  106 |   }
  107 |
> 108 |   return detail ?? statusText?.trim() || `Analysis failed with ${status}`;
      |          ^^^^^^^^^^^^^^^^^^^^^^^^^^^^^^^^^^^^^^^^^^^^^^^^^^^^^^^^^^^^^^^^
  109 | }
  110 |
  111 | async function readResponsePayload(response: Response) {

Parsing ecmascript source code failed

Import traces:
  Client Component Browser:
    ./src/components/studio/audioAnalysis.ts [Client Component Browser]
    ./src/components/StudioApp.tsx [Client Component Browser]
    ./src/components/StudioApp.tsx [Server Component]
    ./src/app/page.tsx [Server Component]

  Client Component SSR:
    ./src/components/studio/audioAnalysis.ts [Client Component SSR]
    ./src/components/StudioApp.tsx [Client Component SSR]
    ./src/components/StudioApp.tsx [Server Component]
    ./src/app/page.tsx [Server Component] @ http://localhost:3000/_next/static/chunks/node_modules_next_dist_115brz8._.js:3272
[   64206ms] [ERROR] ./src/components/studio/audioAnalysis.ts:108:10
Nullish coalescing operator(??) requires parens when mixing with logical operators
  106 |   }
  107 |
> 108 |   return detail ?? statusText?.trim() || `Analysis failed with ${status}`;
      |          ^^^^^^^^^^^^^^^^^^^^^^^^^^^^^^^^^^^^^^^^^^^^^^^^^^^^^^^^^^^^^^^^
  109 | }
  110 |
  111 | async function readResponsePayload(response: Response) {

Parsing ecmascript source code failed

Import traces:
  Client Component Browser:
    ./src/components/studio/audioAnalysis.ts [Client Component Browser]
    ./src/components/StudioApp.tsx [Client Component Browser]
    ./src/components/StudioApp.tsx [Server Component]
    ./src/app/page.tsx [Server Component]

  Client Component SSR:
    ./src/components/studio/audioAnalysis.ts [Client Component SSR]
    ./src/components/StudioApp.tsx [Client Component SSR]
    ./src/components/StudioApp.tsx [Server Component]
    ./src/app/page.tsx [Server Component] @ http://localhost:3000/_next/static/chunks/node_modules_next_dist_115brz8._.js:3272
[   64244ms] [ERROR] ./src/components/studio/audioAnalysis.ts:108:10
Nullish coalescing operator(??) requires parens when mixing with logical operators
  106 |   }
  107 |
> 108 |   return detail ?? statusText?.trim() || `Analysis failed with ${status}`;
      |          ^^^^^^^^^^^^^^^^^^^^^^^^^^^^^^^^^^^^^^^^^^^^^^^^^^^^^^^^^^^^^^^^
  109 | }
  110 |
  111 | async function readResponsePayload(response: Response) {

Parsing ecmascript source code failed

Import traces:
  Client Component Browser:
    ./src/components/studio/audioAnalysis.ts [Client Component Browser]
    ./src/components/StudioApp.tsx [Client Component Browser]
    ./src/components/StudioApp.tsx [Server Component]
    ./src/app/page.tsx [Server Component]

  Client Component SSR:
    ./src/components/studio/audioAnalysis.ts [Client Component SSR]
    ./src/components/StudioApp.tsx [Client Component SSR]
    ./src/components/StudioApp.tsx [Server Component]
    ./src/app/page.tsx [Server Component] @ http://localhost:3000/_next/static/chunks/node_modules_next_dist_115brz8._.js:3272
[   64308ms] [LOG] [Fast Refresh] rebuilding @ http://localhost:3000/_next/static/chunks/node_modules_next_dist_115brz8._.js:2431
